#! /c/Source/iverilog-install/bin/vvp
:ivl_version "12.0 (devel)" "(s20150603-1110-g18392a46)";
:ivl_delay_selection "TYPICAL";
:vpi_time_precision - 12;
:vpi_module "C:\iverilog\lib\ivl\system.vpi";
:vpi_module "C:\iverilog\lib\ivl\vhdl_sys.vpi";
:vpi_module "C:\iverilog\lib\ivl\vhdl_textio.vpi";
:vpi_module "C:\iverilog\lib\ivl\v2005_math.vpi";
:vpi_module "C:\iverilog\lib\ivl\va_math.vpi";
S_00000200550c5360 .scope module, "testbench" "testbench" 2 5;
 .timescale -9 -12;
v000002005500bb50_0 .var "a", 0 0;
v000002005500bbf0_0 .var "b", 0 0;
v000002005500bc90_0 .net "c", 0 0, L_00000200550070b0;  1 drivers
S_00000200550c54f0 .scope module, "g1" "gateOR" 2 10, 3 3 0, S_00000200550c5360;
 .timescale -9 -12;
    .port_info 0 /INPUT 1 "a";
    .port_info 1 /INPUT 1 "b";
    .port_info 2 /OUTPUT 1 "c";
L_00000200550070b0 .functor OR 1, v000002005500bbf0_0, v000002005500bb50_0, C4<0>, C4<0>;
v00000200550c5680_0 .net "a", 0 0, v000002005500bb50_0;  1 drivers
v0000020055006c80_0 .net "b", 0 0, v000002005500bbf0_0;  1 drivers
v000002005500bab0_0 .net "c", 0 0, L_00000200550070b0;  alias, 1 drivers
    .scope S_00000200550c5360;
T_0 ;
    %vpi_call 2 13 "$dumpfile", "result.vcd" {0 0 0};
    %vpi_call 2 14 "$dumpvars", 32'sb00000000000000000000000000000000, S_00000200550c5360 {0 0 0};
    %pushi/vec4 0, 0, 1;
    %store/vec4 v000002005500bb50_0, 0, 1;
    %pushi/vec4 0, 0, 1;
    %store/vec4 v000002005500bbf0_0, 0, 1;
    %delay 10000, 0;
    %pushi/vec4 0, 0, 1;
    %store/vec4 v000002005500bb50_0, 0, 1;
    %pushi/vec4 1, 0, 1;
    %store/vec4 v000002005500bbf0_0, 0, 1;
    %delay 10000, 0;
    %pushi/vec4 1, 0, 1;
    %store/vec4 v000002005500bb50_0, 0, 1;
    %pushi/vec4 0, 0, 1;
    %store/vec4 v000002005500bbf0_0, 0, 1;
    %delay 10000, 0;
    %pushi/vec4 1, 0, 1;
    %store/vec4 v000002005500bb50_0, 0, 1;
    %pushi/vec4 1, 0, 1;
    %store/vec4 v000002005500bbf0_0, 0, 1;
    %delay 10000, 0;
    %vpi_call 2 23 "$finish" {0 0 0};
    %end;
    .thread T_0;
# The file index is used to find the file name in the following table.
:file_names 4;
    "N/A";
    "<interactive>";
    ".\testbench.v";
    "./gateOR.v";
