#! /c/Source/iverilog-install/bin/vvp
:ivl_version "12.0 (devel)" "(s20150603-1110-g18392a46)";
:ivl_delay_selection "TYPICAL";
:vpi_time_precision - 12;
:vpi_module "C:\iverilog\lib\ivl\system.vpi";
:vpi_module "C:\iverilog\lib\ivl\vhdl_sys.vpi";
:vpi_module "C:\iverilog\lib\ivl\vhdl_textio.vpi";
:vpi_module "C:\iverilog\lib\ivl\v2005_math.vpi";
:vpi_module "C:\iverilog\lib\ivl\va_math.vpi";
S_000001c2147c6630 .scope module, "gateAND" "gateAND" 2 3;
 .timescale -9 -12;
    .port_info 0 /INPUT 1 "a";
    .port_info 1 /INPUT 1 "b";
    .port_info 2 /OUTPUT 1 "c";
o000001c214696778 .functor BUFZ 1, C4<z>; HiZ drive
o000001c2146967a8 .functor BUFZ 1, C4<z>; HiZ drive
L_000001c2147c6e60 .functor AND 1, o000001c214696778, o000001c2146967a8, C4<1>, C4<1>;
v000001c2147c67c0_0 .net "a", 0 0, o000001c214696778;  0 drivers
v000001c2147c6860_0 .net "b", 0 0, o000001c2146967a8;  0 drivers
v000001c2147c6900_0 .net "c", 0 0, L_000001c2147c6e60;  1 drivers
# The file index is used to find the file name in the following table.
:file_names 3;
    "N/A";
    "<interactive>";
    ".\gateAND.v";
