#! /c/Source/iverilog-install/bin/vvp
:ivl_version "12.0 (devel)" "(s20150603-1110-g18392a46)";
:ivl_delay_selection "TYPICAL";
:vpi_time_precision - 12;
:vpi_module "C:\iverilog\lib\ivl\system.vpi";
:vpi_module "C:\iverilog\lib\ivl\vhdl_sys.vpi";
:vpi_module "C:\iverilog\lib\ivl\vhdl_textio.vpi";
:vpi_module "C:\iverilog\lib\ivl\v2005_math.vpi";
:vpi_module "C:\iverilog\lib\ivl\va_math.vpi";
S_000002a1f4715170 .scope module, "testbench" "testbench" 2 4;
 .timescale -9 -12;
v000002a1f46cbb00_0 .var "a", 0 0;
v000002a1f46cbba0_0 .var "b", 0 0;
v000002a1f46cbc40_0 .net "c", 0 0, L_000002a1f47155d0;  1 drivers
S_000002a1f4715300 .scope module, "uut" "gateAND" 2 9, 3 3 0, S_000002a1f4715170;
 .timescale -9 -12;
    .port_info 0 /INPUT 1 "a";
    .port_info 1 /INPUT 1 "b";
    .port_info 2 /OUTPUT 1 "c";
L_000002a1f47155d0 .functor AND 1, v000002a1f46cbb00_0, v000002a1f46cbba0_0, C4<1>, C4<1>;
v000002a1f4715490_0 .net "a", 0 0, v000002a1f46cbb00_0;  1 drivers
v000002a1f46c6c80_0 .net "b", 0 0, v000002a1f46cbba0_0;  1 drivers
v000002a1f4715530_0 .net "c", 0 0, L_000002a1f47155d0;  alias, 1 drivers
    .scope S_000002a1f4715170;
T_0 ;
    %vpi_call 2 13 "$dumpfile", "result.vcd" {0 0 0};
    %vpi_call 2 14 "$dumpvars", 32'sb00000000000000000000000000000000, S_000002a1f4715170 {0 0 0};
    %pushi/vec4 0, 0, 1;
    %store/vec4 v000002a1f46cbb00_0, 0, 1;
    %pushi/vec4 0, 0, 1;
    %store/vec4 v000002a1f46cbba0_0, 0, 1;
    %delay 10000, 0;
    %pushi/vec4 0, 0, 1;
    %store/vec4 v000002a1f46cbb00_0, 0, 1;
    %pushi/vec4 1, 0, 1;
    %store/vec4 v000002a1f46cbba0_0, 0, 1;
    %delay 10000, 0;
    %pushi/vec4 1, 0, 1;
    %store/vec4 v000002a1f46cbb00_0, 0, 1;
    %pushi/vec4 0, 0, 1;
    %store/vec4 v000002a1f46cbba0_0, 0, 1;
    %delay 10000, 0;
    %pushi/vec4 1, 0, 1;
    %store/vec4 v000002a1f46cbb00_0, 0, 1;
    %pushi/vec4 1, 0, 1;
    %store/vec4 v000002a1f46cbba0_0, 0, 1;
    %delay 10000, 0;
    %vpi_call 2 21 "$finish" {0 0 0};
    %end;
    .thread T_0;
# The file index is used to find the file name in the following table.
:file_names 4;
    "N/A";
    "<interactive>";
    ".\testbench.v";
    "./gateAND.v";
